Jun  6 04:12:02[13808] *** ERROR HAPPEND *** BiDi: Could not load.
Jun  6 04:18:51[14951] *** ERROR HAPPEND *** xft: Could not load.
Jun  6 04:18:51[14951] *** ERROR HAPPEND *** cairo: Could not load.
Jun  6 04:18:51[14951] No fonts found for charset "iso8859-1".  Please install fonts or use Unicode font ("-u" option).
Jun  6 04:18:51[14951] Unable to start - open_screen_intern() failed.
Jun  6 04:19:03[14984] *** ERROR HAPPEND *** xft: Could not load.
Jun  6 04:19:03[14984] *** ERROR HAPPEND *** cairo: Could not load.
Jun  6 04:19:03[14984] No fonts found for charset "iso8859-1".  Please install fonts or use Unicode font ("-u" option).
Jun  6 04:19:03[14984] Unable to start - open_screen_intern() failed.
Jun  6 04:19:45[15124] *** ERROR HAPPEND *** BiDi: Could not load.
Jun  6 04:26:37[26655] *** ERROR HAPPEND *** BiDi: Could not load.
Jun  6 04:31:03[24118] *** ERROR HAPPEND *** BiDi: Could not load.
Jun  6 04:36:08[25458] *** ERROR HAPPEND *** BiDi: Could not load.
Jun  6 04:40:18[26597] *** ERROR HAPPEND *** BiDi: Could not load.
Jun  6 04:42:09[27120] *** ERROR HAPPEND *** BiDi: Could not load.
Jun  6 04:54:36[29210] *** ERROR HAPPEND *** BiDi: Could not load.
Jun  6 04:56:22[29832] *** ERROR HAPPEND *** BiDi: Could not load.
Jun  6 04:58:46[30594] *** ERROR HAPPEND *** BiDi: Could not load.
Jun  6 05:00:09[31099] *** ERROR HAPPEND *** BiDi: Could not load.
Jun  6 05:02:29[32098] *** ERROR HAPPEND *** BiDi: Could not load.
Jun  6 05:03:01[32418] *** ERROR HAPPEND *** BiDi: Could not load.
Jun  6 05:03:56[369] *** ERROR HAPPEND *** BiDi: Could not load.
Jun  6 05:04:40[985] *** ERROR HAPPEND *** BiDi: Could not load.
Jun  6 05:06:46[1783] *** ERROR HAPPEND *** BiDi: Could not load.
Jun  6 05:06:57[2041] *** ERROR HAPPEND *** BiDi: Could not load.
Jun  6 05:07:52[2386] *** ERROR HAPPEND *** BiDi: Could not load.
Jun  6 05:08:26[2723] *** ERROR HAPPEND *** BiDi: Could not load.
Jun  6 05:08:38[2989] *** ERROR HAPPEND *** BiDi: Could not load.
Jun  6 05:09:34[3418] *** ERROR HAPPEND *** BiDi: Could not load.
Jun  6 05:10:11[3795] *** ERROR HAPPEND *** BiDi: Could not load.
Jun  6 05:17:51[5722] *** ERROR HAPPEND *** BiDi: Could not load.
